[0.023s] Invoking command in '/cc_ws/tros_ws/build/performance_test': CMAKE_PREFIX_PATH=/opt/ros/humble /usr/bin/cmake /cc_ws/tros_ws/src/tools/benchmark/performance_test -DCMAKE_EXPORT_COMPILE_COMMANDS=ON --no-warn-unused-cli -DCMAKE_TOOLCHAIN_FILE=/cc_ws/tros_ws/robot_dev_config/aarch64_toolchainfile.cmake -DPLATFORM_X5=ON -DTHIRDPARTY=ON -DBUILD_TESTING=OFF -DCMAKE_BUILD_RPATH=/cc_ws/tros_ws/build/poco_vendor/poco_external_project_install/lib/;/cc_ws/tros_ws/build/libyaml_vendor/libyaml_install/lib/ -DCMAKE_INSTALL_PREFIX=/cc_ws/tros_ws/install
[0.634s] Not searching for unused variables given on the command line.
[0.634s] -- Found ament_cmake: 1.3.8 (/opt/ros/humble/share/ament_cmake/cmake)
[0.634s] -- Found rclcpp: 16.0.8 (/opt/ros/humble/share/rclcpp/cmake)
[0.634s] -- Found rosidl_generator_c: 3.1.5 (/opt/ros/humble/share/rosidl_generator_c/cmake)
[0.634s] -- Found rosidl_adapter: 3.1.5 (/opt/ros/humble/share/rosidl_adapter/cmake)
[0.635s] -- Found rosidl_generator_cpp: 3.1.5 (/opt/ros/humble/share/rosidl_generator_cpp/cmake)
[0.635s] -- Using all available rosidl_typesupport_c: rosidl_typesupport_fastrtps_c;rosidl_typesupport_introspection_c
[0.635s] -- Using all available rosidl_typesupport_cpp: rosidl_typesupport_fastrtps_cpp;rosidl_typesupport_introspection_cpp
[0.635s] -- Found rmw_implementation_cmake: 6.1.1 (/opt/ros/humble/share/rmw_implementation_cmake/cmake)
[0.635s] -- Found rmw_fastrtps_cpp: 6.2.6 (/opt/ros/humble/share/rmw_fastrtps_cpp/cmake)
[0.636s] [33mCMake Warning (dev) at /opt/ros/humble/share/ament_cmake_test/cmake/ament_cmake_test-extras.cmake:19 (option):
[0.636s]   Policy CMP0077 is not set: option() honors normal variables.  Run "cmake
[0.636s]   --help-policy CMP0077" for policy details.  Use the cmake_policy command to
[0.637s]   set the policy and suppress this warning.
[0.637s] 
[0.638s]   For compatibility with older versions of CMake, option is clearing the
[0.638s]   normal variable 'BUILD_TESTING'.
[0.639s] Call Stack (most recent call first):
[0.639s]   /opt/ros/humble/share/ament_cmake_test/cmake/ament_cmake_testConfig.cmake:41 (include)
[0.639s]   /opt/ros/humble/share/ament_cmake/cmake/ament_cmake_export_dependencies-extras.cmake:21 (find_package)
[0.639s]   /opt/ros/humble/share/ament_cmake/cmake/ament_cmakeConfig.cmake:41 (include)
[0.640s]   CMakeLists.txt:27 (find_package)
[0.640s] This warning is for project developers.  Use -Wno-dev to suppress it.
[0.640s] [0m
[0.723s] -- Using RMW implementation 'rmw_fastrtps_cpp' as default
[1.064s] -- Found rosidl_default_generators: 1.2.0 (/opt/ros/humble/share/rosidl_default_generators/cmake)
[1.337s] -- Found ament_cmake_ros: 0.10.0 (/opt/ros/humble/share/ament_cmake_ros/cmake)
[1.771s] -- Using all available rosidl_typesupport_c: rosidl_typesupport_fastrtps_c;rosidl_typesupport_introspection_c
[1.942s] -- Using all available rosidl_typesupport_cpp: rosidl_typesupport_fastrtps_cpp;rosidl_typesupport_introspection_cpp
[1.971s] -- Found python_cmake_module: 0.10.0 (/opt/ros/humble/share/python_cmake_module/cmake)
[1.999s] -- Using PYTHON_EXECUTABLE: /usr/bin/python3
[2.025s] -- Using PYTHON_INCLUDE_DIRS: /cc_ws/tros_ws/robot_dev_config/../../sysroot_docker/usr/include/python3.10
[2.025s] -- Using PYTHON_LIBRARIES: /cc_ws/tros_ws/robot_dev_config/../../sysroot_docker/usr/lib/aarch64-linux-gnu/libpython3.10.so
[2.283s] -- Using numpy include directory: /usr/local/lib/python3.10/dist-packages/numpy/core/include
[2.393s] fatal: detected dubious ownership in repository at '/cc_ws/tros_ws/src/tools/benchmark'
[2.394s] To add an exception for this directory, call:
[2.394s] 
[2.394s] 	git config --global --add safe.directory /cc_ws/tros_ws/src/tools/benchmark
[2.396s] fatal: detected dubious ownership in repository at '/cc_ws/tros_ws/src/tools/benchmark'
[2.396s] To add an exception for this directory, call:
[2.396s] 
[2.396s] 	git config --global --add safe.directory /cc_ws/tros_ws/src/tools/benchmark
[2.397s] printf: usage: printf [-v var] format [arguments]
[2.397s] [0mCMake Deprecation Warning at /opt/ros/humble/share/rosidl_cmake/cmake/rosidl_target_interfaces.cmake:32 (message):
[2.398s]   Use rosidl_get_typesupport_target() and target_link_libraries() instead of
[2.398s]   rosidl_target_interfaces()
[2.398s] Call Stack (most recent call first):
[2.398s]   CMakeLists.txt:340 (rosidl_target_interfaces)
[2.398s] 
[2.398s] [0m
[2.407s] -- Configuring done
[2.548s] -- Generating done
[2.555s] -- Build files have been written to: /cc_ws/tros_ws/build/performance_test
[2.574s] Invoked command in '/cc_ws/tros_ws/build/performance_test' returned '0': CMAKE_PREFIX_PATH=/opt/ros/humble /usr/bin/cmake /cc_ws/tros_ws/src/tools/benchmark/performance_test -DCMAKE_EXPORT_COMPILE_COMMANDS=ON --no-warn-unused-cli -DCMAKE_TOOLCHAIN_FILE=/cc_ws/tros_ws/robot_dev_config/aarch64_toolchainfile.cmake -DPLATFORM_X5=ON -DTHIRDPARTY=ON -DBUILD_TESTING=OFF -DCMAKE_BUILD_RPATH=/cc_ws/tros_ws/build/poco_vendor/poco_external_project_install/lib/;/cc_ws/tros_ws/build/libyaml_vendor/libyaml_install/lib/ -DCMAKE_INSTALL_PREFIX=/cc_ws/tros_ws/install
[2.578s] Invoking command in '/cc_ws/tros_ws/build/performance_test': CMAKE_PREFIX_PATH=/opt/ros/humble /usr/bin/cmake --build /cc_ws/tros_ws/build/performance_test -- -j12 -l12
[3.268s] [  0%] [34m[1mGenerating C code for ROS interfaces[0m
[3.268s] [  0%] [34m[1mGenerating C++ code for ROS interfaces[0m
[3.269s] [  0%] Built target ament_cmake_python_copy_performance_test
[3.269s] [  6%] Built target tclap
[3.269s] [ 11%] Built target rapidjson
[3.269s] [ 16%] Built target tabulate
[3.269s] [ 21%] Built target sole
[3.418s] running egg_info
[3.418s] writing performance_test.egg-info/PKG-INFO
[3.419s] writing dependency_links to performance_test.egg-info/dependency_links.txt
[3.420s] writing top-level names to performance_test.egg-info/top_level.txt
[3.423s] reading manifest file 'performance_test.egg-info/SOURCES.txt'
[3.427s] writing manifest file 'performance_test.egg-info/SOURCES.txt'
[3.470s] [ 21%] Built target ament_cmake_python_build_performance_test_egg
[4.909s] [35m[1mConsolidate compiler generated dependencies of target performance_test__rosidl_generator_c[0m
[4.942s] [ 22%] [32mBuilding C object CMakeFiles/performance_test__rosidl_generator_c.dir/rosidl_generator_c/performance_test/msg/detail/array4k__functions.c.o[0m
[4.962s] [ 23%] [32mBuilding C object CMakeFiles/performance_test__rosidl_generator_c.dir/rosidl_generator_c/performance_test/msg/detail/array1k__functions.c.o[0m
[4.967s] [ 24%] [32mBuilding C object CMakeFiles/performance_test__rosidl_generator_c.dir/rosidl_generator_c/performance_test/msg/detail/array64k__functions.c.o[0m
[4.967s] [ 23%] [32mBuilding C object CMakeFiles/performance_test__rosidl_generator_c.dir/rosidl_generator_c/performance_test/msg/detail/array16k__functions.c.o[0m
[4.969s] [ 24%] Built target performance_test__cpp
[4.970s] [ 24%] [32mBuilding C object CMakeFiles/performance_test__rosidl_generator_c.dir/rosidl_generator_c/performance_test/msg/detail/array60k__functions.c.o[0m
[4.971s] [ 25%] [32mBuilding C object CMakeFiles/performance_test__rosidl_generator_c.dir/rosidl_generator_c/performance_test/msg/detail/array32k__functions.c.o[0m
[4.972s] [ 26%] [32mBuilding C object CMakeFiles/performance_test__rosidl_generator_c.dir/rosidl_generator_c/performance_test/msg/detail/array256k__functions.c.o[0m
[4.982s] [ 26%] [32mBuilding C object CMakeFiles/performance_test__rosidl_generator_c.dir/rosidl_generator_c/performance_test/msg/detail/array1m__functions.c.o[0m
[4.992s] [ 27%] [32mBuilding C object CMakeFiles/performance_test__rosidl_generator_c.dir/rosidl_generator_c/performance_test/msg/detail/array2m__functions.c.o[0m
[5.021s] [ 28%] [34m[1mGenerating C++ type support dispatch for ROS interfaces[0m
[5.065s] [ 28%] [34m[1mGenerating C++ type support for eProsima Fast-RTPS[0m
[5.065s] [ 29%] [34m[1mGenerating C++ introspection for ROS interfaces[0m
[5.120s] [ 30%] [32mBuilding C object CMakeFiles/performance_test__rosidl_generator_c.dir/rosidl_generator_c/performance_test/msg/detail/array4m__functions.c.o[0m
[5.132s] [ 30%] [32mBuilding C object CMakeFiles/performance_test__rosidl_generator_c.dir/rosidl_generator_c/performance_test/msg/detail/array8m__functions.c.o[0m
[5.385s] [ 31%] [32m[1mLinking C shared library libperformance_test__rosidl_generator_c.so[0m
[5.536s] [ 31%] Built target performance_test__rosidl_generator_c
[5.579s] [ 31%] [34m[1mGenerating C introspection for ROS interfaces[0m
[5.599s] [ 32%] [34m[1mGenerating C type support for eProsima Fast-RTPS[0m
[5.618s] [ 32%] [34m[1mGenerating C type support dispatch for ROS interfaces[0m
[6.434s] [35m[1mConsolidate compiler generated dependencies of target performance_test__rosidl_typesupport_cpp[0m
[6.517s] [ 32%] [32mBuilding CXX object CMakeFiles/performance_test__rosidl_typesupport_cpp.dir/rosidl_typesupport_cpp/performance_test/msg/array1k__type_support.cpp.o[0m
[6.542s] [ 33%] [32mBuilding CXX object CMakeFiles/performance_test__rosidl_typesupport_cpp.dir/rosidl_typesupport_cpp/performance_test/msg/array4k__type_support.cpp.o[0m
[6.542s] [ 33%] [32mBuilding CXX object CMakeFiles/performance_test__rosidl_typesupport_cpp.dir/rosidl_typesupport_cpp/performance_test/msg/array16k__type_support.cpp.o[0m
[6.556s] [ 34%] [32mBuilding CXX object CMakeFiles/performance_test__rosidl_typesupport_cpp.dir/rosidl_typesupport_cpp/performance_test/msg/array32k__type_support.cpp.o[0m
[6.557s] [ 35%] [32mBuilding CXX object CMakeFiles/performance_test__rosidl_typesupport_cpp.dir/rosidl_typesupport_cpp/performance_test/msg/array60k__type_support.cpp.o[0m
[6.576s] [ 35%] [32mBuilding CXX object CMakeFiles/performance_test__rosidl_typesupport_cpp.dir/rosidl_typesupport_cpp/performance_test/msg/array64k__type_support.cpp.o[0m
[6.580s] [ 36%] [32mBuilding CXX object CMakeFiles/performance_test__rosidl_typesupport_cpp.dir/rosidl_typesupport_cpp/performance_test/msg/array256k__type_support.cpp.o[0m
[7.337s] [35m[1mConsolidate compiler generated dependencies of target performance_test__rosidl_typesupport_c[0m
[7.337s] [ 37%] [32mBuilding CXX object CMakeFiles/performance_test__rosidl_typesupport_cpp.dir/rosidl_typesupport_cpp/performance_test/msg/array1m__type_support.cpp.o[0m
[7.410s] [ 38%] [32mBuilding CXX object CMakeFiles/performance_test__rosidl_typesupport_c.dir/rosidl_typesupport_c/performance_test/msg/array1k__type_support.cpp.o[0m
[7.474s] [ 38%] [32mBuilding CXX object CMakeFiles/performance_test__rosidl_typesupport_cpp.dir/rosidl_typesupport_cpp/performance_test/msg/array2m__type_support.cpp.o[0m
[7.498s] [ 39%] [32mBuilding CXX object CMakeFiles/performance_test__rosidl_typesupport_cpp.dir/rosidl_typesupport_cpp/performance_test/msg/array4m__type_support.cpp.o[0m
[7.518s] [ 40%] [32mBuilding CXX object CMakeFiles/performance_test__rosidl_typesupport_cpp.dir/rosidl_typesupport_cpp/performance_test/msg/array8m__type_support.cpp.o[0m
[7.607s] [ 40%] [32mBuilding CXX object CMakeFiles/performance_test__rosidl_typesupport_c.dir/rosidl_typesupport_c/performance_test/msg/array4k__type_support.cpp.o[0m
[7.759s] [35m[1mConsolidate compiler generated dependencies of target performance_test__rosidl_typesupport_introspection_cpp[0m
[7.762s] [35m[1mConsolidate compiler generated dependencies of target performance_test__rosidl_typesupport_fastrtps_cpp[0m
[7.780s] [ 41%] [32mBuilding CXX object CMakeFiles/performance_test__rosidl_typesupport_c.dir/rosidl_typesupport_c/performance_test/msg/array16k__type_support.cpp.o[0m
[7.838s] [ 41%] [32mBuilding CXX object CMakeFiles/performance_test__rosidl_typesupport_introspection_cpp.dir/rosidl_typesupport_introspection_cpp/performance_test/msg/detail/array1k__type_support.cpp.o[0m
[7.844s] [ 42%] [32mBuilding CXX object CMakeFiles/performance_test__rosidl_typesupport_c.dir/rosidl_typesupport_c/performance_test/msg/array32k__type_support.cpp.o[0m
[7.882s] [ 42%] [32mBuilding CXX object CMakeFiles/performance_test__rosidl_typesupport_fastrtps_cpp.dir/rosidl_typesupport_fastrtps_cpp/performance_test/msg/detail/dds_fastrtps/array4k__type_support.cpp.o[0m
[7.891s] [ 43%] [32mBuilding CXX object CMakeFiles/performance_test__rosidl_typesupport_fastrtps_cpp.dir/rosidl_typesupport_fastrtps_cpp/performance_test/msg/detail/dds_fastrtps/array1k__type_support.cpp.o[0m
[7.938s] [ 43%] [32mBuilding CXX object CMakeFiles/performance_test__rosidl_typesupport_c.dir/rosidl_typesupport_c/performance_test/msg/array60k__type_support.cpp.o[0m
[7.938s] [ 44%] [32mBuilding CXX object CMakeFiles/performance_test__rosidl_typesupport_introspection_cpp.dir/rosidl_typesupport_introspection_cpp/performance_test/msg/detail/array4k__type_support.cpp.o[0m
[8.045s] [ 45%] [32mBuilding CXX object CMakeFiles/performance_test__rosidl_typesupport_c.dir/rosidl_typesupport_c/performance_test/msg/array256k__type_support.cpp.o[0m
[8.049s] [ 46%] [32mBuilding CXX object CMakeFiles/performance_test__rosidl_typesupport_c.dir/rosidl_typesupport_c/performance_test/msg/array64k__type_support.cpp.o[0m
[8.221s] [35m[1mConsolidate compiler generated dependencies of target performance_test__rosidl_typesupport_introspection_c[0m
[8.221s] [ 46%] [32mBuilding CXX object CMakeFiles/performance_test__rosidl_typesupport_c.dir/rosidl_typesupport_c/performance_test/msg/array1m__type_support.cpp.o[0m
[8.280s] [ 47%] [32mBuilding C object CMakeFiles/performance_test__rosidl_typesupport_introspection_c.dir/rosidl_typesupport_introspection_c/performance_test/msg/detail/array1k__type_support.c.o[0m
[8.286s] [ 48%] [32mBuilding CXX object CMakeFiles/performance_test__rosidl_typesupport_introspection_cpp.dir/rosidl_typesupport_introspection_cpp/performance_test/msg/detail/array16k__type_support.cpp.o[0m
[8.399s] [ 49%] [32mBuilding CXX object CMakeFiles/performance_test__rosidl_typesupport_c.dir/rosidl_typesupport_c/performance_test/msg/array2m__type_support.cpp.o[0m
[8.481s] [ 50%] [32mBuilding C object CMakeFiles/performance_test__rosidl_typesupport_introspection_c.dir/rosidl_typesupport_introspection_c/performance_test/msg/detail/array4k__type_support.c.o[0m
[8.515s] [ 50%] [32mBuilding C object CMakeFiles/performance_test__rosidl_typesupport_introspection_c.dir/rosidl_typesupport_introspection_c/performance_test/msg/detail/array16k__type_support.c.o[0m
[8.608s] [ 50%] [32mBuilding CXX object CMakeFiles/performance_test__rosidl_typesupport_c.dir/rosidl_typesupport_c/performance_test/msg/array4m__type_support.cpp.o[0m
[8.682s] [ 51%] [32mBuilding C object CMakeFiles/performance_test__rosidl_typesupport_introspection_c.dir/rosidl_typesupport_introspection_c/performance_test/msg/detail/array60k__type_support.c.o[0m
[8.694s] [ 52%] [32mBuilding C object CMakeFiles/performance_test__rosidl_typesupport_introspection_c.dir/rosidl_typesupport_introspection_c/performance_test/msg/detail/array32k__type_support.c.o[0m
[8.696s] [ 53%] [32mBuilding CXX object CMakeFiles/performance_test__rosidl_typesupport_c.dir/rosidl_typesupport_c/performance_test/msg/array8m__type_support.cpp.o[0m
[8.698s] [ 53%] [32mBuilding C object CMakeFiles/performance_test__rosidl_typesupport_introspection_c.dir/rosidl_typesupport_introspection_c/performance_test/msg/detail/array64k__type_support.c.o[0m
[8.765s] [35m[1mConsolidate compiler generated dependencies of target performance_test__rosidl_typesupport_fastrtps_c[0m
[8.768s] [ 53%] [32mBuilding CXX object CMakeFiles/performance_test__rosidl_typesupport_introspection_cpp.dir/rosidl_typesupport_introspection_cpp/performance_test/msg/detail/array32k__type_support.cpp.o[0m
[8.851s] [ 54%] [32m[1mLinking CXX shared library libperformance_test__rosidl_typesupport_c.so[0m
[8.856s] [ 55%] [32mBuilding C object CMakeFiles/performance_test__rosidl_typesupport_introspection_c.dir/rosidl_typesupport_introspection_c/performance_test/msg/detail/array256k__type_support.c.o[0m
[8.856s] [ 55%] [32mBuilding CXX object CMakeFiles/performance_test__rosidl_typesupport_fastrtps_c.dir/rosidl_typesupport_fastrtps_c/performance_test/msg/detail/array1k__type_support_c.cpp.o[0m
[8.881s] [ 55%] [32m[1mLinking CXX shared library libperformance_test__rosidl_typesupport_cpp.so[0m
[8.903s] [ 55%] [32mBuilding C object CMakeFiles/performance_test__rosidl_typesupport_introspection_c.dir/rosidl_typesupport_introspection_c/performance_test/msg/detail/array1m__type_support.c.o[0m
[8.903s] [ 56%] [32mBuilding CXX object CMakeFiles/performance_test__rosidl_typesupport_fastrtps_c.dir/rosidl_typesupport_fastrtps_c/performance_test/msg/detail/array4k__type_support_c.cpp.o[0m
[9.008s] [ 57%] [32mBuilding C object CMakeFiles/performance_test__rosidl_typesupport_introspection_c.dir/rosidl_typesupport_introspection_c/performance_test/msg/detail/array2m__type_support.c.o[0m
[9.016s] [ 57%] Built target performance_test__rosidl_typesupport_c
[9.046s] [ 57%] Built target performance_test__rosidl_typesupport_cpp
[9.063s] [ 58%] [32mBuilding CXX object CMakeFiles/performance_test__rosidl_typesupport_fastrtps_cpp.dir/rosidl_typesupport_fastrtps_cpp/performance_test/msg/detail/dds_fastrtps/array16k__type_support.cpp.o[0m
[9.073s] [ 59%] [32mBuilding CXX object CMakeFiles/performance_test__rosidl_typesupport_fastrtps_c.dir/rosidl_typesupport_fastrtps_c/performance_test/msg/detail/array16k__type_support_c.cpp.o[0m
[9.073s] [ 60%] [32mBuilding C object CMakeFiles/performance_test__rosidl_typesupport_introspection_c.dir/rosidl_typesupport_introspection_c/performance_test/msg/detail/array4m__type_support.c.o[0m
[9.287s] [ 60%] [32mBuilding C object CMakeFiles/performance_test__rosidl_typesupport_introspection_c.dir/rosidl_typesupport_introspection_c/performance_test/msg/detail/array8m__type_support.c.o[0m
[9.290s] [ 61%] [32mBuilding CXX object CMakeFiles/performance_test__rosidl_typesupport_fastrtps_cpp.dir/rosidl_typesupport_fastrtps_cpp/performance_test/msg/detail/dds_fastrtps/array32k__type_support.cpp.o[0m
[9.332s] [ 61%] [32mBuilding CXX object CMakeFiles/performance_test__rosidl_typesupport_fastrtps_c.dir/rosidl_typesupport_fastrtps_c/performance_test/msg/detail/array32k__type_support_c.cpp.o[0m
[9.430s] [ 62%] [32m[1mLinking C shared library libperformance_test__rosidl_typesupport_introspection_c.so[0m
[9.549s] [ 62%] [32mBuilding CXX object CMakeFiles/performance_test__rosidl_typesupport_fastrtps_cpp.dir/rosidl_typesupport_fastrtps_cpp/performance_test/msg/detail/dds_fastrtps/array60k__type_support.cpp.o[0m
[9.605s] [ 62%] Built target performance_test__rosidl_typesupport_introspection_c
[9.670s] [ 63%] [32mBuilding CXX object CMakeFiles/performance_test__rosidl_typesupport_fastrtps_cpp.dir/rosidl_typesupport_fastrtps_cpp/performance_test/msg/detail/dds_fastrtps/array64k__type_support.cpp.o[0m
[9.733s] [ 64%] [32mBuilding CXX object CMakeFiles/performance_test__rosidl_typesupport_introspection_cpp.dir/rosidl_typesupport_introspection_cpp/performance_test/msg/detail/array60k__type_support.cpp.o[0m
[9.777s] [ 65%] [32mBuilding CXX object CMakeFiles/performance_test__rosidl_typesupport_fastrtps_cpp.dir/rosidl_typesupport_fastrtps_cpp/performance_test/msg/detail/dds_fastrtps/array256k__type_support.cpp.o[0m
[10.049s] [ 66%] [32mBuilding CXX object CMakeFiles/performance_test__rosidl_typesupport_fastrtps_c.dir/rosidl_typesupport_fastrtps_c/performance_test/msg/detail/array60k__type_support_c.cpp.o[0m
[10.097s] [ 67%] [32mBuilding CXX object CMakeFiles/performance_test__rosidl_typesupport_introspection_cpp.dir/rosidl_typesupport_introspection_cpp/performance_test/msg/detail/array64k__type_support.cpp.o[0m
[10.312s] [ 68%] [32mBuilding CXX object CMakeFiles/performance_test__rosidl_typesupport_fastrtps_c.dir/rosidl_typesupport_fastrtps_c/performance_test/msg/detail/array64k__type_support_c.cpp.o[0m
[10.424s] [ 68%] [32mBuilding CXX object CMakeFiles/performance_test__rosidl_typesupport_fastrtps_c.dir/rosidl_typesupport_fastrtps_c/performance_test/msg/detail/array256k__type_support_c.cpp.o[0m
[10.627s] [ 68%] [32mBuilding CXX object CMakeFiles/performance_test__rosidl_typesupport_fastrtps_cpp.dir/rosidl_typesupport_fastrtps_cpp/performance_test/msg/detail/dds_fastrtps/array1m__type_support.cpp.o[0m
[10.737s] [ 68%] [32mBuilding CXX object CMakeFiles/performance_test__rosidl_typesupport_introspection_cpp.dir/rosidl_typesupport_introspection_cpp/performance_test/msg/detail/array256k__type_support.cpp.o[0m
[10.768s] [ 69%] [32mBuilding CXX object CMakeFiles/performance_test__rosidl_typesupport_fastrtps_cpp.dir/rosidl_typesupport_fastrtps_cpp/performance_test/msg/detail/dds_fastrtps/array2m__type_support.cpp.o[0m
[10.908s] [ 70%] [32mBuilding CXX object CMakeFiles/performance_test__rosidl_typesupport_fastrtps_c.dir/rosidl_typesupport_fastrtps_c/performance_test/msg/detail/array1m__type_support_c.cpp.o[0m
[11.167s] [ 71%] [32mBuilding CXX object CMakeFiles/performance_test__rosidl_typesupport_fastrtps_cpp.dir/rosidl_typesupport_fastrtps_cpp/performance_test/msg/detail/dds_fastrtps/array4m__type_support.cpp.o[0m
[11.457s] [ 71%] [32mBuilding CXX object CMakeFiles/performance_test__rosidl_typesupport_fastrtps_cpp.dir/rosidl_typesupport_fastrtps_cpp/performance_test/msg/detail/dds_fastrtps/array8m__type_support.cpp.o[0m
[11.875s] [ 71%] [32mBuilding CXX object CMakeFiles/performance_test__rosidl_typesupport_fastrtps_c.dir/rosidl_typesupport_fastrtps_c/performance_test/msg/detail/array2m__type_support_c.cpp.o[0m
[11.994s] [ 72%] [32mBuilding CXX object CMakeFiles/performance_test__rosidl_typesupport_fastrtps_c.dir/rosidl_typesupport_fastrtps_c/performance_test/msg/detail/array4m__type_support_c.cpp.o[0m
[12.124s] [ 73%] [32mBuilding CXX object CMakeFiles/performance_test__rosidl_typesupport_introspection_cpp.dir/rosidl_typesupport_introspection_cpp/performance_test/msg/detail/array1m__type_support.cpp.o[0m
[12.273s] [ 73%] [32mBuilding CXX object CMakeFiles/performance_test__rosidl_typesupport_introspection_cpp.dir/rosidl_typesupport_introspection_cpp/performance_test/msg/detail/array2m__type_support.cpp.o[0m
[12.288s] [ 74%] [32mBuilding CXX object CMakeFiles/performance_test__rosidl_typesupport_fastrtps_c.dir/rosidl_typesupport_fastrtps_c/performance_test/msg/detail/array8m__type_support_c.cpp.o[0m
[12.311s] [ 75%] [32mBuilding CXX object CMakeFiles/performance_test__rosidl_typesupport_introspection_cpp.dir/rosidl_typesupport_introspection_cpp/performance_test/msg/detail/array4m__type_support.cpp.o[0m
[12.538s] [ 76%] [32mBuilding CXX object CMakeFiles/performance_test__rosidl_typesupport_introspection_cpp.dir/rosidl_typesupport_introspection_cpp/performance_test/msg/detail/array8m__type_support.cpp.o[0m
[14.193s] [ 77%] [32m[1mLinking CXX shared library libperformance_test__rosidl_typesupport_fastrtps_cpp.so[0m
[14.729s] [ 77%] Built target performance_test__rosidl_typesupport_fastrtps_cpp
[15.654s] [ 77%] [32m[1mLinking CXX shared library libperformance_test__rosidl_typesupport_fastrtps_c.so[0m
[15.912s] [ 77%] [32m[1mLinking CXX shared library libperformance_test__rosidl_typesupport_introspection_cpp.so[0m
[16.042s] [ 77%] Built target performance_test__rosidl_typesupport_fastrtps_c
[16.176s] [ 77%] Built target performance_test__rosidl_typesupport_introspection_cpp
[16.237s] [ 77%] Built target performance_test
[16.296s] [35m[1mConsolidate compiler generated dependencies of target perf_test[0m
[16.324s] [ 78%] [34m[1mGenerating Python code for ROS interfaces[0m
[16.430s] [ 79%] [32mBuilding CXX object CMakeFiles/perf_test.dir/src/data_running/data_runner_factory.cpp.o[0m
[16.458s] [ 80%] [32mBuilding CXX object CMakeFiles/perf_test.dir/src/experiment_configuration/experiment_configuration.cpp.o[0m
[16.498s] [ 80%] [32mBuilding CXX object CMakeFiles/perf_test.dir/src/data_running/factories/rclcpp_ste_data_runner_factory.cpp.o[0m
[16.510s] [ 81%] [32mBuilding CXX object CMakeFiles/perf_test.dir/src/data_running/factories/rclcpp_waitset_data_runner_factory.cpp.o[0m
[22.146s] [ 81%] Built target performance_test__py
[22.198s] [35m[1mConsolidate compiler generated dependencies of target performance_test__rosidl_generator_py[0m
[22.284s] [ 82%] [32mBuilding C object CMakeFiles/performance_test__rosidl_generator_py.dir/rosidl_generator_py/performance_test/msg/_array1k_s.c.o[0m
[22.292s] [ 82%] [32mBuilding C object CMakeFiles/performance_test__rosidl_generator_py.dir/rosidl_generator_py/performance_test/msg/_array4k_s.c.o[0m
[22.326s] [ 83%] [32mBuilding C object CMakeFiles/performance_test__rosidl_generator_py.dir/rosidl_generator_py/performance_test/msg/_array16k_s.c.o[0m
[22.722s] [ 85%] [32mBuilding C object CMakeFiles/performance_test__rosidl_generator_py.dir/rosidl_generator_py/performance_test/msg/_array2m_s.c.o[0m
[22.723s] [ 85%] [32mBuilding C object CMakeFiles/performance_test__rosidl_generator_py.dir/rosidl_generator_py/performance_test/msg/_array1m_s.c.o[0m
[22.778s] [ 86%] [32mBuilding C object CMakeFiles/performance_test__rosidl_generator_py.dir/rosidl_generator_py/performance_test/msg/_array8m_s.c.o[0m
[23.300s] [ 86%] [32mBuilding C object CMakeFiles/performance_test__rosidl_generator_py.dir/rosidl_generator_py/performance_test/msg/_array4m_s.c.o[0m
[23.665s] [ 86%] [32mBuilding C object CMakeFiles/performance_test__rosidl_generator_py.dir/rosidl_generator_py/performance_test/msg/_array256k_s.c.o[0m
[23.989s] [ 87%] [32mBuilding C object CMakeFiles/performance_test__rosidl_generator_py.dir/rosidl_generator_py/performance_test/msg/_array64k_s.c.o[0m
[24.304s] [ 87%] [32mBuilding C object CMakeFiles/performance_test__rosidl_generator_py.dir/rosidl_generator_py/performance_test/msg/_array60k_s.c.o[0m
[24.614s] [ 88%] [32mBuilding C object CMakeFiles/performance_test__rosidl_generator_py.dir/rosidl_generator_py/performance_test/msg/_array32k_s.c.o[0m
[24.882s] [ 89%] [32m[1mLinking C shared library rosidl_generator_py/performance_test/libperformance_test__rosidl_generator_py.so[0m
[24.970s] [ 89%] Built target performance_test__rosidl_generator_py
[24.988s] [35m[1mConsolidate compiler generated dependencies of target performance_test__rosidl_typesupport_fastrtps_c__pyext[0m
[25.011s] [ 90%] [32mBuilding C object CMakeFiles/performance_test__rosidl_typesupport_fastrtps_c__pyext.dir/rosidl_generator_py/performance_test/_performance_test_s.ep.rosidl_typesupport_fastrtps_c.c.o[0m
[25.328s] [ 91%] [32m[1mLinking C shared library rosidl_generator_py/performance_test/performance_test_s__rosidl_typesupport_fastrtps_c.cpython-310-aarch64-linux-gnu.so[0m
[25.391s] [ 91%] Built target performance_test__rosidl_typesupport_fastrtps_c__pyext
[25.410s] [35m[1mConsolidate compiler generated dependencies of target performance_test__rosidl_typesupport_c__pyext[0m
[25.440s] [ 91%] [32mBuilding C object CMakeFiles/performance_test__rosidl_typesupport_c__pyext.dir/rosidl_generator_py/performance_test/_performance_test_s.ep.rosidl_typesupport_c.c.o[0m
[25.745s] [ 92%] [32m[1mLinking C shared library rosidl_generator_py/performance_test/performance_test_s__rosidl_typesupport_c.cpython-310-aarch64-linux-gnu.so[0m
[25.798s] [ 92%] Built target performance_test__rosidl_typesupport_c__pyext
[25.815s] [35m[1mConsolidate compiler generated dependencies of target performance_test__rosidl_typesupport_introspection_c__pyext[0m
[25.836s] [ 93%] [32mBuilding C object CMakeFiles/performance_test__rosidl_typesupport_introspection_c__pyext.dir/rosidl_generator_py/performance_test/_performance_test_s.ep.rosidl_typesupport_introspection_c.c.o[0m
[26.132s] [ 93%] [32m[1mLinking C shared library rosidl_generator_py/performance_test/performance_test_s__rosidl_typesupport_introspection_c.cpython-310-aarch64-linux-gnu.so[0m
[26.196s] [ 93%] Built target performance_test__rosidl_typesupport_introspection_c__pyext
[101.371s] [ 94%] [32m[1mLinking CXX executable perf_test[0m
[101.738s] gmake[2]: *** Deleting file 'perf_test'
[101.738s] gmake[2]: *** [CMakeFiles/perf_test.dir/build.make:376: perf_test] Interrupt
[101.738s] gmake[1]: *** [CMakeFiles/Makefile2:743: CMakeFiles/perf_test.dir/all] Interrupt
[101.738s] gmake: *** [Makefile:146: all] Interrupt
[101.750s] Invoked command in '/cc_ws/tros_ws/build/performance_test' returned '-2': CMAKE_PREFIX_PATH=/opt/ros/humble /usr/bin/cmake --build /cc_ws/tros_ws/build/performance_test -- -j12 -l12
